2022-05-09 19:22:19.581  WARN 19228 --- [HikariPool-1 housekeeper] com.zaxxer.hikari.pool.HikariPool        : HikariPool-1 - Thread starvation or clock leap detected (housekeeper delta=2d5h3m8s995ms166µs200ns).
2022-05-09 19:35:39.660  WARN 19228 --- [HikariPool-1 housekeeper] com.zaxxer.hikari.pool.HikariPool        : HikariPool-1 - Thread starvation or clock leap detected (housekeeper delta=1m19s360ms360µs500ns).
2022-05-09 19:54:18.605  WARN 19228 --- [HikariPool-1 housekeeper] com.zaxxer.hikari.pool.HikariPool        : HikariPool-1 - Thread starvation or clock leap detected (housekeeper delta=3m8s843ms120µs400ns).
2022-05-09 20:49:59.460  INFO 16180 --- [restartedMain] c.s.artesanato.ArtesanatoApplication     : Starting ArtesanatoApplication on DESKTOP-UVQ4O16 with PID 16180 (C:\Users\pedro\OneDrive\Documents\projetoTCC\artesanato-backend\target\classes started by pedro in C:\Users\pedro\OneDrive\Documents\projetoTCC\artesanato-backend)
2022-05-09 20:49:59.470  INFO 16180 --- [restartedMain] c.s.artesanato.ArtesanatoApplication     : No active profile set, falling back to default profiles: default
2022-05-09 20:49:59.611  INFO 16180 --- [restartedMain] o.s.b.devtools.restart.ChangeableUrls    : The Class-Path manifest attribute in C:\Users\pedro\.m2\repository\org\glassfish\jaxb\jaxb-runtime\2.3.2\jaxb-runtime-2.3.2.jar referenced one or more files that do not exist: file:/C:/Users/pedro/.m2/repository/org/glassfish/jaxb/jaxb-runtime/2.3.2/jakarta.xml.bind-api-2.3.2.jar,file:/C:/Users/pedro/.m2/repository/org/glassfish/jaxb/jaxb-runtime/2.3.2/txw2-2.3.2.jar,file:/C:/Users/pedro/.m2/repository/org/glassfish/jaxb/jaxb-runtime/2.3.2/istack-commons-runtime-3.0.8.jar,file:/C:/Users/pedro/.m2/repository/org/glassfish/jaxb/jaxb-runtime/2.3.2/stax-ex-1.8.1.jar,file:/C:/Users/pedro/.m2/repository/org/glassfish/jaxb/jaxb-runtime/2.3.2/FastInfoset-1.2.16.jar,file:/C:/Users/pedro/.m2/repository/org/glassfish/jaxb/jaxb-runtime/2.3.2/jakarta.activation-api-1.2.1.jar
2022-05-09 20:49:59.611  INFO 16180 --- [restartedMain] .e.DevToolsPropertyDefaultsPostProcessor : Devtools property defaults active! Set 'spring.devtools.add-properties' to 'false' to disable
2022-05-09 20:49:59.611  INFO 16180 --- [restartedMain] .e.DevToolsPropertyDefaultsPostProcessor : For additional web related logging consider setting the 'logging.level.web' property to 'DEBUG'
2022-05-09 20:50:02.765  INFO 16180 --- [restartedMain] .s.d.r.c.RepositoryConfigurationDelegate : Bootstrapping Spring Data JPA repositories in DEFAULT mode.
2022-05-09 20:50:03.054  INFO 16180 --- [restartedMain] .s.d.r.c.RepositoryConfigurationDelegate : Finished Spring Data repository scanning in 255ms. Found 2 JPA repository interfaces.
2022-05-09 20:50:04.194  INFO 16180 --- [restartedMain] trationDelegate$BeanPostProcessorChecker : Bean 'org.springframework.transaction.annotation.ProxyTransactionManagementConfiguration' of type [org.springframework.transaction.annotation.ProxyTransactionManagementConfiguration] is not eligible for getting processed by all BeanPostProcessors (for example: not eligible for auto-proxying)
2022-05-09 20:50:05.466  INFO 16180 --- [restartedMain] o.s.b.w.embedded.tomcat.TomcatWebServer  : Tomcat initialized with port(s): 8080 (http)
2022-05-09 20:50:05.512  INFO 16180 --- [restartedMain] o.apache.catalina.core.StandardService   : Starting service [Tomcat]
2022-05-09 20:50:05.514  INFO 16180 --- [restartedMain] org.apache.catalina.core.StandardEngine  : Starting Servlet engine: [Apache Tomcat/9.0.29]
2022-05-09 20:50:05.789  INFO 16180 --- [restartedMain] o.a.c.c.C.[Tomcat].[localhost].[/]       : Initializing Spring embedded WebApplicationContext
2022-05-09 20:50:05.790  INFO 16180 --- [restartedMain] o.s.web.context.ContextLoader            : Root WebApplicationContext: initialization completed in 6179 ms
2022-05-09 20:50:05.939  WARN 16180 --- [restartedMain] JpaBaseConfiguration$JpaWebConfiguration : spring.jpa.open-in-view is enabled by default. Therefore, database queries may be performed during view rendering. Explicitly configure spring.jpa.open-in-view to disable this warning
2022-05-09 20:50:06.184  INFO 16180 --- [restartedMain] com.zaxxer.hikari.HikariDataSource       : HikariPool-1 - Starting...
2022-05-09 20:50:07.163  INFO 16180 --- [restartedMain] com.zaxxer.hikari.HikariDataSource       : HikariPool-1 - Start completed.
2022-05-09 20:50:07.351  INFO 16180 --- [restartedMain] o.hibernate.jpa.internal.util.LogHelper  : HHH000204: Processing PersistenceUnitInfo [name: default]
2022-05-09 20:50:07.688  INFO 16180 --- [restartedMain] org.hibernate.Version                    : HHH000412: Hibernate Core {5.4.9.Final}
2022-05-09 20:50:08.170  INFO 16180 --- [restartedMain] o.hibernate.annotations.common.Version   : HCANN000001: Hibernate Commons Annotations {5.1.0.Final}
2022-05-09 20:50:08.619  INFO 16180 --- [restartedMain] org.hibernate.dialect.Dialect            : HHH000400: Using dialect: org.hibernate.dialect.PostgreSQL10Dialect
2022-05-09 20:50:10.910  INFO 16180 --- [restartedMain] o.h.e.t.j.p.i.JtaPlatformInitiator       : HHH000490: Using JtaPlatform implementation: [org.hibernate.engine.transaction.jta.platform.internal.NoJtaPlatform]
2022-05-09 20:50:10.940  INFO 16180 --- [restartedMain] j.LocalContainerEntityManagerFactoryBean : Initialized JPA EntityManagerFactory for persistence unit 'default'
2022-05-09 20:50:12.290  INFO 16180 --- [restartedMain] o.s.b.a.h2.H2ConsoleAutoConfiguration    : H2 console available at '/h2-console'. Database available at 'jdbc:postgresql://localhost:5432/artesanato'
2022-05-09 20:50:13.945  INFO 16180 --- [restartedMain] o.s.s.web.DefaultSecurityFilterChain     : Creating filter chain: any request, [org.springframework.security.web.context.request.async.WebAsyncManagerIntegrationFilter@38d86479, org.springframework.security.web.context.SecurityContextPersistenceFilter@44d47dd4, org.springframework.security.web.header.HeaderWriterFilter@6c95dc9, org.springframework.security.web.authentication.logout.LogoutFilter@abaca29, com.starking.artesanato.api.JwtTokenFilter@574d5f97, org.springframework.security.web.savedrequest.RequestCacheAwareFilter@4311d5ff, org.springframework.security.web.servletapi.SecurityContextHolderAwareRequestFilter@38fe24dc, org.springframework.security.web.authentication.AnonymousAuthenticationFilter@62e35353, org.springframework.security.web.session.SessionManagementFilter@6caa2368, org.springframework.security.web.access.ExceptionTranslationFilter@47a25492, org.springframework.security.web.access.intercept.FilterSecurityInterceptor@5927262b]
2022-05-09 20:50:14.919  INFO 16180 --- [restartedMain] o.s.b.d.a.OptionalLiveReloadServer       : LiveReload server is running on port 35729
2022-05-09 20:50:14.934  INFO 16180 --- [restartedMain] o.s.b.a.e.web.EndpointLinksResolver      : Exposing 14 endpoint(s) beneath base path '/actuator'
2022-05-09 20:50:15.101  INFO 16180 --- [restartedMain] o.s.b.w.embedded.tomcat.TomcatWebServer  : Tomcat started on port(s): 8080 (http) with context path ''
2022-05-09 20:50:15.106  INFO 16180 --- [restartedMain] c.s.artesanato.ArtesanatoApplication     : Started ArtesanatoApplication in 16.868 seconds (JVM running for 19.13)
2022-05-09 21:02:57.559  INFO 9916 --- [restartedMain] c.s.artesanato.ArtesanatoApplication     : Starting ArtesanatoApplication on DESKTOP-UVQ4O16 with PID 9916 (C:\Users\pedro\OneDrive\Documents\projetoTCC\artesanato-backend\target\classes started by pedro in C:\Users\pedro\OneDrive\Documents\projetoTCC\artesanato-backend)
2022-05-09 21:02:57.570  INFO 9916 --- [restartedMain] c.s.artesanato.ArtesanatoApplication     : No active profile set, falling back to default profiles: default
2022-05-09 21:02:57.723  INFO 9916 --- [restartedMain] o.s.b.devtools.restart.ChangeableUrls    : The Class-Path manifest attribute in C:\Users\pedro\.m2\repository\org\glassfish\jaxb\jaxb-runtime\2.3.2\jaxb-runtime-2.3.2.jar referenced one or more files that do not exist: file:/C:/Users/pedro/.m2/repository/org/glassfish/jaxb/jaxb-runtime/2.3.2/jakarta.xml.bind-api-2.3.2.jar,file:/C:/Users/pedro/.m2/repository/org/glassfish/jaxb/jaxb-runtime/2.3.2/txw2-2.3.2.jar,file:/C:/Users/pedro/.m2/repository/org/glassfish/jaxb/jaxb-runtime/2.3.2/istack-commons-runtime-3.0.8.jar,file:/C:/Users/pedro/.m2/repository/org/glassfish/jaxb/jaxb-runtime/2.3.2/stax-ex-1.8.1.jar,file:/C:/Users/pedro/.m2/repository/org/glassfish/jaxb/jaxb-runtime/2.3.2/FastInfoset-1.2.16.jar,file:/C:/Users/pedro/.m2/repository/org/glassfish/jaxb/jaxb-runtime/2.3.2/jakarta.activation-api-1.2.1.jar
2022-05-09 21:02:57.724  INFO 9916 --- [restartedMain] .e.DevToolsPropertyDefaultsPostProcessor : Devtools property defaults active! Set 'spring.devtools.add-properties' to 'false' to disable
2022-05-09 21:02:57.724  INFO 9916 --- [restartedMain] .e.DevToolsPropertyDefaultsPostProcessor : For additional web related logging consider setting the 'logging.level.web' property to 'DEBUG'
2022-05-09 21:03:00.621  INFO 9916 --- [restartedMain] .s.d.r.c.RepositoryConfigurationDelegate : Bootstrapping Spring Data JPA repositories in DEFAULT mode.
2022-05-09 21:03:00.929  INFO 9916 --- [restartedMain] .s.d.r.c.RepositoryConfigurationDelegate : Finished Spring Data repository scanning in 278ms. Found 2 JPA repository interfaces.
2022-05-09 21:03:02.191  INFO 9916 --- [restartedMain] trationDelegate$BeanPostProcessorChecker : Bean 'org.springframework.transaction.annotation.ProxyTransactionManagementConfiguration' of type [org.springframework.transaction.annotation.ProxyTransactionManagementConfiguration] is not eligible for getting processed by all BeanPostProcessors (for example: not eligible for auto-proxying)
2022-05-09 21:03:03.541  INFO 9916 --- [restartedMain] o.s.b.w.embedded.tomcat.TomcatWebServer  : Tomcat initialized with port(s): 8080 (http)
2022-05-09 21:03:03.572  INFO 9916 --- [restartedMain] o.apache.catalina.core.StandardService   : Starting service [Tomcat]
2022-05-09 21:03:03.573  INFO 9916 --- [restartedMain] org.apache.catalina.core.StandardEngine  : Starting Servlet engine: [Apache Tomcat/9.0.29]
2022-05-09 21:03:03.824  INFO 9916 --- [restartedMain] o.a.c.c.C.[Tomcat].[localhost].[/]       : Initializing Spring embedded WebApplicationContext
2022-05-09 21:03:03.826  INFO 9916 --- [restartedMain] o.s.web.context.ContextLoader            : Root WebApplicationContext: initialization completed in 6100 ms
2022-05-09 21:03:03.977  WARN 9916 --- [restartedMain] JpaBaseConfiguration$JpaWebConfiguration : spring.jpa.open-in-view is enabled by default. Therefore, database queries may be performed during view rendering. Explicitly configure spring.jpa.open-in-view to disable this warning
2022-05-09 21:03:04.231  INFO 9916 --- [restartedMain] com.zaxxer.hikari.HikariDataSource       : HikariPool-1 - Starting...
2022-05-09 21:03:05.246  INFO 9916 --- [restartedMain] com.zaxxer.hikari.HikariDataSource       : HikariPool-1 - Start completed.
2022-05-09 21:03:05.482  INFO 9916 --- [restartedMain] o.hibernate.jpa.internal.util.LogHelper  : HHH000204: Processing PersistenceUnitInfo [name: default]
2022-05-09 21:03:05.804  INFO 9916 --- [restartedMain] org.hibernate.Version                    : HHH000412: Hibernate Core {5.4.9.Final}
2022-05-09 21:03:06.370  INFO 9916 --- [restartedMain] o.hibernate.annotations.common.Version   : HCANN000001: Hibernate Commons Annotations {5.1.0.Final}
2022-05-09 21:03:06.936  INFO 9916 --- [restartedMain] org.hibernate.dialect.Dialect            : HHH000400: Using dialect: org.hibernate.dialect.PostgreSQL10Dialect
2022-05-09 21:03:09.608  INFO 9916 --- [restartedMain] o.h.e.t.j.p.i.JtaPlatformInitiator       : HHH000490: Using JtaPlatform implementation: [org.hibernate.engine.transaction.jta.platform.internal.NoJtaPlatform]
2022-05-09 21:03:09.641  INFO 9916 --- [restartedMain] j.LocalContainerEntityManagerFactoryBean : Initialized JPA EntityManagerFactory for persistence unit 'default'
2022-05-09 21:03:11.156  INFO 9916 --- [restartedMain] o.s.b.a.h2.H2ConsoleAutoConfiguration    : H2 console available at '/h2-console'. Database available at 'jdbc:postgresql://localhost:5432/artesanato'
2022-05-09 21:03:12.807  INFO 9916 --- [restartedMain] o.s.s.web.DefaultSecurityFilterChain     : Creating filter chain: any request, [org.springframework.security.web.context.request.async.WebAsyncManagerIntegrationFilter@32cb081c, org.springframework.security.web.context.SecurityContextPersistenceFilter@35b0bca8, org.springframework.security.web.header.HeaderWriterFilter@56317991, org.springframework.security.web.authentication.logout.LogoutFilter@7cddcf32, com.starking.artesanato.api.JwtTokenFilter@484059db, org.springframework.security.web.savedrequest.RequestCacheAwareFilter@47a5a9c4, org.springframework.security.web.servletapi.SecurityContextHolderAwareRequestFilter@5e18c2d3, org.springframework.security.web.authentication.AnonymousAuthenticationFilter@e0e9fd3, org.springframework.security.web.session.SessionManagementFilter@5c34d3a3, org.springframework.security.web.access.ExceptionTranslationFilter@63148e25, org.springframework.security.web.access.intercept.FilterSecurityInterceptor@1283d72c]
2022-05-09 21:03:13.825  WARN 9916 --- [restartedMain] o.s.b.d.a.OptionalLiveReloadServer       : Unable to start LiveReload server
2022-05-09 21:03:13.836  INFO 9916 --- [restartedMain] o.s.b.a.e.web.EndpointLinksResolver      : Exposing 14 endpoint(s) beneath base path '/actuator'
2022-05-09 21:03:13.960  INFO 9916 --- [restartedMain] o.apache.catalina.core.StandardService   : Stopping service [Tomcat]
2022-05-09 21:03:13.971  WARN 9916 --- [restartedMain] o.a.c.loader.WebappClassLoaderBase       : The web application [ROOT] appears to have started a thread named [HikariPool-1 housekeeper] but has failed to stop it. This is very likely to create a memory leak. Stack trace of thread:
 sun.misc.Unsafe.park(Native Method)
 java.util.concurrent.locks.LockSupport.parkNanos(LockSupport.java:215)
 java.util.concurrent.locks.AbstractQueuedSynchronizer$ConditionObject.awaitNanos(AbstractQueuedSynchronizer.java:2078)
 java.util.concurrent.ScheduledThreadPoolExecutor$DelayedWorkQueue.take(ScheduledThreadPoolExecutor.java:1093)
 java.util.concurrent.ScheduledThreadPoolExecutor$DelayedWorkQueue.take(ScheduledThreadPoolExecutor.java:809)
 java.util.concurrent.ThreadPoolExecutor.getTask(ThreadPoolExecutor.java:1074)
 java.util.concurrent.ThreadPoolExecutor.runWorker(ThreadPoolExecutor.java:1134)
 java.util.concurrent.ThreadPoolExecutor$Worker.run(ThreadPoolExecutor.java:624)
 java.lang.Thread.run(Thread.java:748)
2022-05-09 21:03:13.979  INFO 9916 --- [restartedMain] ConditionEvaluationReportLoggingListener : 

Error starting ApplicationContext. To display the conditions report re-run your application with 'debug' enabled.
2022-05-09 21:03:13.988 ERROR 9916 --- [restartedMain] o.s.b.d.LoggingFailureAnalysisReporter   : 

***************************
APPLICATION FAILED TO START
***************************

Description:

Web server failed to start. Port 8080 was already in use.

Action:

Identify and stop the process that's listening on port 8080 or configure this application to listen on another port.

2022-05-09 21:03:14.003  INFO 9916 --- [restartedMain] j.LocalContainerEntityManagerFactoryBean : Closing JPA EntityManagerFactory for persistence unit 'default'
2022-05-09 21:03:14.010  INFO 9916 --- [restartedMain] com.zaxxer.hikari.HikariDataSource       : HikariPool-1 - Shutdown initiated...
2022-05-09 21:03:14.030  INFO 9916 --- [restartedMain] com.zaxxer.hikari.HikariDataSource       : HikariPool-1 - Shutdown completed.
2022-05-09 21:03:36.995  INFO 18720 --- [restartedMain] c.s.artesanato.ArtesanatoApplication     : Starting ArtesanatoApplication on DESKTOP-UVQ4O16 with PID 18720 (C:\Users\pedro\OneDrive\Documents\projetoTCC\artesanato-backend\target\classes started by pedro in C:\Users\pedro\OneDrive\Documents\projetoTCC\artesanato-backend)
2022-05-09 21:03:37.003  INFO 18720 --- [restartedMain] c.s.artesanato.ArtesanatoApplication     : No active profile set, falling back to default profiles: default
2022-05-09 21:03:37.145  INFO 18720 --- [restartedMain] o.s.b.devtools.restart.ChangeableUrls    : The Class-Path manifest attribute in C:\Users\pedro\.m2\repository\org\glassfish\jaxb\jaxb-runtime\2.3.2\jaxb-runtime-2.3.2.jar referenced one or more files that do not exist: file:/C:/Users/pedro/.m2/repository/org/glassfish/jaxb/jaxb-runtime/2.3.2/jakarta.xml.bind-api-2.3.2.jar,file:/C:/Users/pedro/.m2/repository/org/glassfish/jaxb/jaxb-runtime/2.3.2/txw2-2.3.2.jar,file:/C:/Users/pedro/.m2/repository/org/glassfish/jaxb/jaxb-runtime/2.3.2/istack-commons-runtime-3.0.8.jar,file:/C:/Users/pedro/.m2/repository/org/glassfish/jaxb/jaxb-runtime/2.3.2/stax-ex-1.8.1.jar,file:/C:/Users/pedro/.m2/repository/org/glassfish/jaxb/jaxb-runtime/2.3.2/FastInfoset-1.2.16.jar,file:/C:/Users/pedro/.m2/repository/org/glassfish/jaxb/jaxb-runtime/2.3.2/jakarta.activation-api-1.2.1.jar
2022-05-09 21:03:37.145  INFO 18720 --- [restartedMain] .e.DevToolsPropertyDefaultsPostProcessor : Devtools property defaults active! Set 'spring.devtools.add-properties' to 'false' to disable
2022-05-09 21:03:37.146  INFO 18720 --- [restartedMain] .e.DevToolsPropertyDefaultsPostProcessor : For additional web related logging consider setting the 'logging.level.web' property to 'DEBUG'
2022-05-09 21:03:40.319  INFO 18720 --- [restartedMain] .s.d.r.c.RepositoryConfigurationDelegate : Bootstrapping Spring Data JPA repositories in DEFAULT mode.
2022-05-09 21:03:40.606  INFO 18720 --- [restartedMain] .s.d.r.c.RepositoryConfigurationDelegate : Finished Spring Data repository scanning in 246ms. Found 2 JPA repository interfaces.
2022-05-09 21:03:41.952  INFO 18720 --- [restartedMain] trationDelegate$BeanPostProcessorChecker : Bean 'org.springframework.transaction.annotation.ProxyTransactionManagementConfiguration' of type [org.springframework.transaction.annotation.ProxyTransactionManagementConfiguration] is not eligible for getting processed by all BeanPostProcessors (for example: not eligible for auto-proxying)
2022-05-09 21:03:43.376  INFO 18720 --- [restartedMain] o.s.b.w.embedded.tomcat.TomcatWebServer  : Tomcat initialized with port(s): 8080 (http)
2022-05-09 21:03:43.418  INFO 18720 --- [restartedMain] o.apache.catalina.core.StandardService   : Starting service [Tomcat]
2022-05-09 21:03:43.420  INFO 18720 --- [restartedMain] org.apache.catalina.core.StandardEngine  : Starting Servlet engine: [Apache Tomcat/9.0.29]
2022-05-09 21:03:43.671  INFO 18720 --- [restartedMain] o.a.c.c.C.[Tomcat].[localhost].[/]       : Initializing Spring embedded WebApplicationContext
2022-05-09 21:03:43.672  INFO 18720 --- [restartedMain] o.s.web.context.ContextLoader            : Root WebApplicationContext: initialization completed in 6526 ms
2022-05-09 21:03:43.797  WARN 18720 --- [restartedMain] JpaBaseConfiguration$JpaWebConfiguration : spring.jpa.open-in-view is enabled by default. Therefore, database queries may be performed during view rendering. Explicitly configure spring.jpa.open-in-view to disable this warning
2022-05-09 21:03:44.051  INFO 18720 --- [restartedMain] com.zaxxer.hikari.HikariDataSource       : HikariPool-1 - Starting...
2022-05-09 21:03:45.025  INFO 18720 --- [restartedMain] com.zaxxer.hikari.HikariDataSource       : HikariPool-1 - Start completed.
2022-05-09 21:03:45.259  INFO 18720 --- [restartedMain] o.hibernate.jpa.internal.util.LogHelper  : HHH000204: Processing PersistenceUnitInfo [name: default]
2022-05-09 21:03:45.587  INFO 18720 --- [restartedMain] org.hibernate.Version                    : HHH000412: Hibernate Core {5.4.9.Final}
2022-05-09 21:03:46.200  INFO 18720 --- [restartedMain] o.hibernate.annotations.common.Version   : HCANN000001: Hibernate Commons Annotations {5.1.0.Final}
2022-05-09 21:03:46.656  INFO 18720 --- [restartedMain] org.hibernate.dialect.Dialect            : HHH000400: Using dialect: org.hibernate.dialect.PostgreSQL10Dialect
2022-05-09 21:03:49.443  INFO 18720 --- [restartedMain] o.h.e.t.j.p.i.JtaPlatformInitiator       : HHH000490: Using JtaPlatform implementation: [org.hibernate.engine.transaction.jta.platform.internal.NoJtaPlatform]
2022-05-09 21:03:49.468  INFO 18720 --- [restartedMain] j.LocalContainerEntityManagerFactoryBean : Initialized JPA EntityManagerFactory for persistence unit 'default'
2022-05-09 21:03:50.922  INFO 18720 --- [restartedMain] o.s.b.a.h2.H2ConsoleAutoConfiguration    : H2 console available at '/h2-console'. Database available at 'jdbc:postgresql://localhost:5432/artesanato'
2022-05-09 21:03:52.488  INFO 18720 --- [restartedMain] o.s.s.web.DefaultSecurityFilterChain     : Creating filter chain: any request, [org.springframework.security.web.context.request.async.WebAsyncManagerIntegrationFilter@61f01e0d, org.springframework.security.web.context.SecurityContextPersistenceFilter@6d62b971, org.springframework.security.web.header.HeaderWriterFilter@14933bb0, org.springframework.security.web.authentication.logout.LogoutFilter@75ec1db5, com.starking.artesanato.api.JwtTokenFilter@77c9b5a8, org.springframework.security.web.savedrequest.RequestCacheAwareFilter@5618113d, org.springframework.security.web.servletapi.SecurityContextHolderAwareRequestFilter@54c5c35e, org.springframework.security.web.authentication.AnonymousAuthenticationFilter@7e17ee60, org.springframework.security.web.session.SessionManagementFilter@5e59a4a3, org.springframework.security.web.access.ExceptionTranslationFilter@10c2de09, org.springframework.security.web.access.intercept.FilterSecurityInterceptor@360da974]
2022-05-09 21:03:53.490  INFO 18720 --- [restartedMain] o.s.b.d.a.OptionalLiveReloadServer       : LiveReload server is running on port 35729
2022-05-09 21:03:53.502  INFO 18720 --- [restartedMain] o.s.b.a.e.web.EndpointLinksResolver      : Exposing 14 endpoint(s) beneath base path '/actuator'
2022-05-09 21:03:53.641  INFO 18720 --- [restartedMain] o.s.b.w.embedded.tomcat.TomcatWebServer  : Tomcat started on port(s): 8080 (http) with context path ''
2022-05-09 21:03:53.645  INFO 18720 --- [restartedMain] c.s.artesanato.ArtesanatoApplication     : Started ArtesanatoApplication in 17.658 seconds (JVM running for 19.769)
2022-05-09 21:05:01.705  INFO 18720 --- [http-nio-8080-exec-1] o.a.c.c.C.[Tomcat].[localhost].[/]       : Initializing Spring DispatcherServlet 'dispatcherServlet'
2022-05-09 21:05:01.706  INFO 18720 --- [http-nio-8080-exec-1] o.s.web.servlet.DispatcherServlet        : Initializing Servlet 'dispatcherServlet'
2022-05-09 21:05:01.734  INFO 18720 --- [http-nio-8080-exec-1] o.s.web.servlet.DispatcherServlet        : Completed initialization in 28 ms
2022-05-09 21:07:49.940  INFO 12020 --- [restartedMain] c.s.artesanato.ArtesanatoApplication     : Starting ArtesanatoApplication on DESKTOP-UVQ4O16 with PID 12020 (C:\Users\pedro\OneDrive\Documents\projetoTCC\artesanato-backend\target\classes started by pedro in C:\Users\pedro\OneDrive\Documents\projetoTCC\artesanato-backend)
2022-05-09 21:07:49.950  INFO 12020 --- [restartedMain] c.s.artesanato.ArtesanatoApplication     : No active profile set, falling back to default profiles: default
2022-05-09 21:07:50.093  INFO 12020 --- [restartedMain] o.s.b.devtools.restart.ChangeableUrls    : The Class-Path manifest attribute in C:\Users\pedro\.m2\repository\org\glassfish\jaxb\jaxb-runtime\2.3.2\jaxb-runtime-2.3.2.jar referenced one or more files that do not exist: file:/C:/Users/pedro/.m2/repository/org/glassfish/jaxb/jaxb-runtime/2.3.2/jakarta.xml.bind-api-2.3.2.jar,file:/C:/Users/pedro/.m2/repository/org/glassfish/jaxb/jaxb-runtime/2.3.2/txw2-2.3.2.jar,file:/C:/Users/pedro/.m2/repository/org/glassfish/jaxb/jaxb-runtime/2.3.2/istack-commons-runtime-3.0.8.jar,file:/C:/Users/pedro/.m2/repository/org/glassfish/jaxb/jaxb-runtime/2.3.2/stax-ex-1.8.1.jar,file:/C:/Users/pedro/.m2/repository/org/glassfish/jaxb/jaxb-runtime/2.3.2/FastInfoset-1.2.16.jar,file:/C:/Users/pedro/.m2/repository/org/glassfish/jaxb/jaxb-runtime/2.3.2/jakarta.activation-api-1.2.1.jar
2022-05-09 21:07:50.093  INFO 12020 --- [restartedMain] .e.DevToolsPropertyDefaultsPostProcessor : Devtools property defaults active! Set 'spring.devtools.add-properties' to 'false' to disable
2022-05-09 21:07:50.094  INFO 12020 --- [restartedMain] .e.DevToolsPropertyDefaultsPostProcessor : For additional web related logging consider setting the 'logging.level.web' property to 'DEBUG'
2022-05-09 21:07:53.092  INFO 12020 --- [restartedMain] .s.d.r.c.RepositoryConfigurationDelegate : Bootstrapping Spring Data JPA repositories in DEFAULT mode.
2022-05-09 21:07:53.371  INFO 12020 --- [restartedMain] .s.d.r.c.RepositoryConfigurationDelegate : Finished Spring Data repository scanning in 250ms. Found 2 JPA repository interfaces.
2022-05-09 21:07:54.479  INFO 12020 --- [restartedMain] trationDelegate$BeanPostProcessorChecker : Bean 'org.springframework.transaction.annotation.ProxyTransactionManagementConfiguration' of type [org.springframework.transaction.annotation.ProxyTransactionManagementConfiguration] is not eligible for getting processed by all BeanPostProcessors (for example: not eligible for auto-proxying)
2022-05-09 21:07:55.774  INFO 12020 --- [restartedMain] o.s.b.w.embedded.tomcat.TomcatWebServer  : Tomcat initialized with port(s): 8080 (http)
2022-05-09 21:07:55.816  INFO 12020 --- [restartedMain] o.apache.catalina.core.StandardService   : Starting service [Tomcat]
2022-05-09 21:07:55.818  INFO 12020 --- [restartedMain] org.apache.catalina.core.StandardEngine  : Starting Servlet engine: [Apache Tomcat/9.0.29]
2022-05-09 21:07:56.023  INFO 12020 --- [restartedMain] o.a.c.c.C.[Tomcat].[localhost].[/]       : Initializing Spring embedded WebApplicationContext
2022-05-09 21:07:56.024  INFO 12020 --- [restartedMain] o.s.web.context.ContextLoader            : Root WebApplicationContext: initialization completed in 5930 ms
2022-05-09 21:07:56.180  WARN 12020 --- [restartedMain] JpaBaseConfiguration$JpaWebConfiguration : spring.jpa.open-in-view is enabled by default. Therefore, database queries may be performed during view rendering. Explicitly configure spring.jpa.open-in-view to disable this warning
2022-05-09 21:07:56.365  INFO 12020 --- [restartedMain] com.zaxxer.hikari.HikariDataSource       : HikariPool-1 - Starting...
2022-05-09 21:07:57.331  INFO 12020 --- [restartedMain] com.zaxxer.hikari.HikariDataSource       : HikariPool-1 - Start completed.
2022-05-09 21:07:57.492  INFO 12020 --- [restartedMain] o.hibernate.jpa.internal.util.LogHelper  : HHH000204: Processing PersistenceUnitInfo [name: default]
2022-05-09 21:07:57.797  INFO 12020 --- [restartedMain] org.hibernate.Version                    : HHH000412: Hibernate Core {5.4.9.Final}
2022-05-09 21:07:58.434  INFO 12020 --- [restartedMain] o.hibernate.annotations.common.Version   : HCANN000001: Hibernate Commons Annotations {5.1.0.Final}
2022-05-09 21:07:58.869  INFO 12020 --- [restartedMain] org.hibernate.dialect.Dialect            : HHH000400: Using dialect: org.hibernate.dialect.PostgreSQL10Dialect
2022-05-09 21:08:01.356  INFO 12020 --- [restartedMain] o.h.e.t.j.p.i.JtaPlatformInitiator       : HHH000490: Using JtaPlatform implementation: [org.hibernate.engine.transaction.jta.platform.internal.NoJtaPlatform]
2022-05-09 21:08:01.383  INFO 12020 --- [restartedMain] j.LocalContainerEntityManagerFactoryBean : Initialized JPA EntityManagerFactory for persistence unit 'default'
2022-05-09 21:08:02.760  INFO 12020 --- [restartedMain] o.s.b.a.h2.H2ConsoleAutoConfiguration    : H2 console available at '/h2-console'. Database available at 'jdbc:postgresql://localhost:5432/artesanato'
2022-05-09 21:08:04.238  INFO 12020 --- [restartedMain] o.s.s.web.DefaultSecurityFilterChain     : Creating filter chain: any request, [org.springframework.security.web.context.request.async.WebAsyncManagerIntegrationFilter@2537080, org.springframework.security.web.context.SecurityContextPersistenceFilter@4632e9fa, org.springframework.security.web.header.HeaderWriterFilter@28812f08, org.springframework.security.web.authentication.logout.LogoutFilter@6bdf7e07, com.starking.artesanato.api.JwtTokenFilter@519bed7d, org.springframework.security.web.savedrequest.RequestCacheAwareFilter@142c83e0, org.springframework.security.web.servletapi.SecurityContextHolderAwareRequestFilter@2cdef591, org.springframework.security.web.authentication.AnonymousAuthenticationFilter@6944e416, org.springframework.security.web.session.SessionManagementFilter@51c0078b, org.springframework.security.web.access.ExceptionTranslationFilter@637152eb, org.springframework.security.web.access.intercept.FilterSecurityInterceptor@6eb0588]
2022-05-09 21:08:05.207  INFO 12020 --- [restartedMain] o.s.b.d.a.OptionalLiveReloadServer       : LiveReload server is running on port 35729
2022-05-09 21:08:05.220  INFO 12020 --- [restartedMain] o.s.b.a.e.web.EndpointLinksResolver      : Exposing 14 endpoint(s) beneath base path '/actuator'
2022-05-09 21:08:05.372  INFO 12020 --- [restartedMain] o.s.b.w.embedded.tomcat.TomcatWebServer  : Tomcat started on port(s): 8080 (http) with context path ''
2022-05-09 21:08:05.376  INFO 12020 --- [restartedMain] c.s.artesanato.ArtesanatoApplication     : Started ArtesanatoApplication in 16.509 seconds (JVM running for 18.514)
